<?xml version="1.0" encoding="UTF-8"?>
<!-- Generated by org.testng.reporters.JUnitReportReporter -->
<testsuite skipped="0" hostname="Abdou" name="test.AddCustomerTest" tests="1" failures="0" timestamp="13 Feb 2023 23:32:54 GMT" time="5.902" errors="0">
  <testcase name="validUserShouldBeAbleToCreateCustomer" time="5.902" classname="test.AddCustomerTest"/>
</testsuite> <!-- test.AddCustomerTest -->
