<?xml version="1.0" encoding="UTF-8"?>
<!-- Generated by org.testng.reporters.JUnitReportReporter -->
<testsuite skipped="0" hostname="Abdou" name="test.AddCustomerTest" tests="1" failures="0" timestamp="14 Feb 2023 01:52:29 GMT" time="6.509" errors="0">
  <testcase name="validUserShouldBeAbleToCreateCustomer" time="6.509" classname="test.AddCustomerTest"/>
</testsuite> <!-- test.AddCustomerTest -->
