<?xml version="1.0" encoding="UTF-8"?>
<!-- Generated by org.testng.reporters.JUnitReportReporter -->
<testsuite skipped="0" hostname="Abdou" name="test.LoginTest" tests="1" failures="0" timestamp="10 Feb 2023 06:50:18 GMT" time="3.899" errors="0">
  <testcase name="validUserShouldBeAbleToLogin" time="3.899" classname="test.LoginTest"/>
</testsuite> <!-- test.LoginTest -->
